{
  "stats": {
    "suites": 0,
    "tests": 1,
    "passes": 1,
    "pending": 0,
    "failures": 0,
    "start": "2024-12-04T03:07:26.046Z",
    "end": "2024-12-04T03:07:28.563Z",
    "duration": 2517,
    "testsRegistered": 1,
    "passPercent": 100,
    "pendingPercent": 0,
    "other": 0,
    "hasOther": false,
    "skipped": 0,
    "hasSkipped": false
  },
  "results": [
    {
      "uuid": "a1e7ba3f-0f86-4b30-aaec-7269be82cdbe",
      "title": "",
      "fullFile": "cypress\\e2e\\Home.cy.js",
      "file": "cypress\\e2e\\Home.cy.js",
      "beforeHooks": [],
      "afterHooks": [],
      "tests": [
        {
          "title": "Verifica imagens dos animais",
          "fullTitle": "Verifica imagens dos animais",
          "timedOut": null,
          "duration": 762,
          "state": "passed",
          "speed": "fast",
          "pass": true,
          "fail": false,
          "pending": false,
          "context": null,
          "code": "",
          "err": {},
          "uuid": "7b148003-f2eb-4131-947b-9538de190812",
          "parentUUID": "a1e7ba3f-0f86-4b30-aaec-7269be82cdbe",
          "isHook": false,
          "skipped": false
        }
      ],
      "suites": [],
      "passes": [
        "7b148003-f2eb-4131-947b-9538de190812"
      ],
      "failures": [],
      "pending": [],
      "skipped": [],
      "duration": 762,
      "root": true,
      "rootEmpty": false,
      "_timeout": 2000
    }
  ],
  "meta": {
    "mocha": {
      "version": "7.0.1"
    },
    "mochawesome": {
      "options": {
        "quiet": false,
        "reportFilename": "mochawesome",
        "saveHtml": false,
        "saveJson": true,
        "consoleReporter": "spec",
        "useInlineDiffs": false,
        "code": false
      },
      "version": "7.1.3"
    },
    "marge": {
      "options": {
        "reportDir": "cypress/results",
        "overwrite": false,
        "html": false,
        "json": true,
        "charts": false,
        "code": false,
        "reportTitle": "Relatório de Testes E2E - Projeto XYZ",
        "timestamp": "mmddyyyy_HHMMss"
      },
      "version": "6.2.0"
    }
  }
}