{
  "stats": {
    "suites": 1,
    "tests": 1,
    "passes": 1,
    "pending": 0,
    "failures": 0,
    "start": "2024-12-04T03:07:36.311Z",
    "end": "2024-12-04T03:07:40.202Z",
    "duration": 3891,
    "testsRegistered": 1,
    "passPercent": 100,
    "pendingPercent": 0,
    "other": 0,
    "hasOther": false,
    "skipped": 0,
    "hasSkipped": false
  },
  "results": [
    {
      "uuid": "c89b4bed-129d-4d66-a639-de0226d35996",
      "title": "",
      "fullFile": "cypress\\e2e\\Login-Incorreto.cy.js",
      "file": "cypress\\e2e\\Login-Incorreto.cy.js",
      "beforeHooks": [],
      "afterHooks": [],
      "tests": [],
      "suites": [
        {
          "uuid": "a8dc6257-e205-4430-9f89-ae395927c534",
          "title": "Página de login",
          "fullFile": "",
          "file": "",
          "beforeHooks": [],
          "afterHooks": [],
          "tests": [
            {
              "title": "Deve preencher os campos do login corretamente e autenticar o usuário na página",
              "fullTitle": "Página de login Deve preencher os campos do login corretamente e autenticar o usuário na página",
              "timedOut": null,
              "duration": 2139,
              "state": "passed",
              "speed": "fast",
              "pass": true,
              "fail": false,
              "pending": false,
              "context": null,
              "code": "",
              "err": {},
              "uuid": "c775fad3-a113-48b4-b8bf-83e2c6ed419d",
              "parentUUID": "a8dc6257-e205-4430-9f89-ae395927c534",
              "isHook": false,
              "skipped": false
            }
          ],
          "suites": [],
          "passes": [
            "c775fad3-a113-48b4-b8bf-83e2c6ed419d"
          ],
          "failures": [],
          "pending": [],
          "skipped": [],
          "duration": 2139,
          "root": false,
          "rootEmpty": false,
          "_timeout": 2000
        }
      ],
      "passes": [],
      "failures": [],
      "pending": [],
      "skipped": [],
      "duration": 0,
      "root": true,
      "rootEmpty": true,
      "_timeout": 2000
    }
  ],
  "meta": {
    "mocha": {
      "version": "7.0.1"
    },
    "mochawesome": {
      "options": {
        "quiet": false,
        "reportFilename": "mochawesome",
        "saveHtml": false,
        "saveJson": true,
        "consoleReporter": "spec",
        "useInlineDiffs": false,
        "code": false
      },
      "version": "7.1.3"
    },
    "marge": {
      "options": {
        "reportDir": "cypress/results",
        "overwrite": false,
        "html": false,
        "json": true,
        "charts": false,
        "code": false,
        "reportTitle": "Relatório de Testes E2E - Projeto XYZ",
        "timestamp": "mmddyyyy_HHMMss"
      },
      "version": "6.2.0"
    }
  }
}